Build started 13/05/2016 12:07:26.
     1>Project "C:\Users\pauor\Documents\GitHub\p2Graph\Recursivity\Recursivity.vcxproj" on node 2 (Build target(s)).
     1>ClCompile:
         C:\Program Files (x86)\Microsoft Visual Studio 12.0\VC\bin\CL.exe /c /ZI /nologo /W3 /WX- /sdl /Od /Oy- /D _MBCS /Gm /EHsc /RTC1 /MDd /GS /fp:precise /Zc:wchar_t /Zc:forScope /Fo"Debug\\" /Fd"Debug\vc120.pdb" /Gd /TP /analyze- /errorReport:prompt main.cpp
         main.cpp
     1>c:\users\pauor\documents\github\p2graph\recursivity\main.cpp(21): error C2664: 'const bool Graph<char>::Vertex::CanReach(const Graph<char>::Vertex *,DynArray<const Graph<char>::Vertex *> &) const' : cannot convert argument 2 from 'DynArray<Graph<char>::Vertex *>' to 'DynArray<const Graph<char>::Vertex *> &'
     1>Done Building Project "C:\Users\pauor\Documents\GitHub\p2Graph\Recursivity\Recursivity.vcxproj" (Build target(s)) -- FAILED.

Build FAILED.

Time Elapsed 00:00:00.14
